  main.cpp
c:\users\jiyun\desktop\opencv\02.mycode\20.houghtransform\houghtransform\main.cpp(38): warning C4244: '인수': 'float'에서 '_Tp'(으)로 변환하면서 데이터가 손실될 수 있습니다.
          with
          [
              _Tp=int
          ]
c:\users\jiyun\desktop\opencv\02.mycode\20.houghtransform\houghtransform\main.cpp(40): warning C4244: '인수': 'float'에서 '_Tp'(으)로 변환하면서 데이터가 손실될 수 있습니다.
          with
          [
              _Tp=int
          ]
c:\users\jiyun\desktop\opencv\02.mycode\20.houghtransform\houghtransform\main.cpp(48): warning C4244: '인수': 'float'에서 '_Tp'(으)로 변환하면서 데이터가 손실될 수 있습니다.
          with
          [
              _Tp=int
          ]
c:\users\jiyun\desktop\opencv\02.mycode\20.houghtransform\houghtransform\main.cpp(51): warning C4244: '인수': 'float'에서 '_Tp'(으)로 변환하면서 데이터가 손실될 수 있습니다.
          with
          [
              _Tp=int
          ]
  HoughTransform.vcxproj -> C:\Users\Jiyun\Desktop\openCV\02.myCode\20.HoughTransform\HoughTransform\x64\Debug\HoughTransform.exe
